<?xml version="1.0" encoding="UTF-8"?>
<!-- Generated by org.testng.reporters.JUnitXMLReporter -->
<testsuite ignored="0" hostname="JEET" failures="0" tests="5" name="Test" time="10.006" errors="0" timestamp="2023-02-17T09:57:00 IST">
  <testcase classname="EC_Positive_TestCase.TC001_AccessToken" name="getAccessToken" time="7.418"/>
  <testcase classname="EC_Positive_TestCase.TC002_CreateProduct" name="createProduct" time="1.813"/>
  <testcase classname="EC_Positive_TestCase.TC003_CreateOrder" name="createOrder" time="0.302"/>
  <testcase classname="EC_Positive_TestCase.TC004_ViewOrder" name="viewOrderDetails" time="0.17"/>
  <testcase classname="EC_Positive_TestCase.TC005_DeleteProduct" name="deleteProduct" time="0.18"/>
</testsuite> <!-- Test -->
