<?xml version="1.0" encoding="UTF-8"?>
<testng-results ignored="0" total="5" passed="5" failed="0" skipped="0">
  <reporter-output>
  </reporter-output>
  <suite started-at="2023-02-17T09:56:50 IST" name="Suite" finished-at="2023-02-17T09:57:00 IST" duration-ms="10006">
    <groups>
    </groups>
    <test started-at="2023-02-17T09:56:50 IST" name="Test" finished-at="2023-02-17T09:57:00 IST" duration-ms="10006">
      <class name="EC_Positive_TestCase.TC003_CreateOrder">
        <test-method signature="createOrder()[pri:0, instance:EC_Positive_TestCase.TC003_CreateOrder@156b88f5]" started-at="2023-02-17T09:56:59 IST" name="createOrder" finished-at="2023-02-17T09:57:00 IST" duration-ms="302" status="PASS">
          <reporter-output>
          </reporter-output>
        </test-method> <!-- createOrder -->
      </class> <!-- EC_Positive_TestCase.TC003_CreateOrder -->
      <class name="EC_Positive_TestCase.TC001_AccessToken">
        <test-method signature="getAccessToken()[pri:0, instance:EC_Positive_TestCase.TC001_AccessToken@5403f35f]" started-at="2023-02-17T09:56:50 IST" name="getAccessToken" finished-at="2023-02-17T09:56:58 IST" duration-ms="7418" status="PASS">
          <reporter-output>
          </reporter-output>
        </test-method> <!-- getAccessToken -->
      </class> <!-- EC_Positive_TestCase.TC001_AccessToken -->
      <class name="EC_Positive_TestCase.TC002_CreateProduct">
        <test-method signature="createProduct()[pri:0, instance:EC_Positive_TestCase.TC002_CreateProduct@25084a1e]" started-at="2023-02-17T09:56:58 IST" name="createProduct" finished-at="2023-02-17T09:56:59 IST" duration-ms="1813" status="PASS">
          <reporter-output>
          </reporter-output>
        </test-method> <!-- createProduct -->
      </class> <!-- EC_Positive_TestCase.TC002_CreateProduct -->
      <class name="EC_Positive_TestCase.TC004_ViewOrder">
        <test-method signature="viewOrderDetails()[pri:0, instance:EC_Positive_TestCase.TC004_ViewOrder@3bf9ce3e]" started-at="2023-02-17T09:57:00 IST" name="viewOrderDetails" finished-at="2023-02-17T09:57:00 IST" duration-ms="170" status="PASS">
          <reporter-output>
          </reporter-output>
        </test-method> <!-- viewOrderDetails -->
      </class> <!-- EC_Positive_TestCase.TC004_ViewOrder -->
      <class name="EC_Positive_TestCase.TC005_DeleteProduct">
        <test-method signature="deleteProduct()[pri:0, instance:EC_Positive_TestCase.TC005_DeleteProduct@16610890]" started-at="2023-02-17T09:57:00 IST" name="deleteProduct" finished-at="2023-02-17T09:57:00 IST" duration-ms="180" status="PASS">
          <reporter-output>
          </reporter-output>
        </test-method> <!-- deleteProduct -->
      </class> <!-- EC_Positive_TestCase.TC005_DeleteProduct -->
    </test> <!-- Test -->
  </suite> <!-- Suite -->
</testng-results>
